2025-10-21 08:34:10, MOVE, v:1, k:poo@roupa, mode:PICK
2025-10-21 08:36:39, EXEC, v:1, k:poo@roupa, mode:FREE, size:32
2025-10-21 08:36:56, MOVE, v:1, k:poo@roupa, mode:BACK
2025-10-21 08:36:57, MOVE, v:1, k:poo@roupa, mode:PICK
2025-10-21 15:05:05, MOVE, v:1, k:poo@roupa, mode:PICK
2025-10-21 15:05:06, EXEC, v:1, k:poo@roupa, mode:FREE, size:27
2025-10-21 15:05:08, MOVE, v:1, k:poo@roupa, mode:BACK
2025-10-21 15:18:02, MOVE, v:1, k:poo@roupa, mode:PICK
2025-10-21 15:18:03, EXEC, v:1, k:poo@roupa, mode:FREE, size:27
2025-10-21 15:18:10, MOVE, v:1, k:poo@roupa, mode:BACK
2025-10-21 15:28:14, MOVE, v:1, k:poo@roupa, mode:PICK
2025-10-21 15:28:17, EXEC, v:1, k:poo@roupa, mode:FREE, size:33
2025-10-21 15:28:21, MOVE, v:1, k:poo@roupa, mode:BACK
2025-10-21 15:29:28, MOVE, v:1, k:poo@roupa, mode:PICK
2025-10-21 15:29:29, EXEC, v:1, k:poo@roupa, mode:FREE, size:33
2025-10-21 15:29:31, MOVE, v:1, k:poo@roupa, mode:BACK
2025-10-21 15:30:23, MOVE, v:1, k:poo@roupa, mode:PICK
2025-10-21 15:30:23, EXEC, v:1, k:poo@roupa, mode:FREE
2025-10-21 15:30:27, EXEC, v:1, k:poo@roupa, mode:FULL, rate:0
2025-10-21 15:30:28, MOVE, v:1, k:poo@roupa, mode:BACK
2025-10-21 15:31:52, MOVE, v:1, k:poo@roupa, mode:PICK
2025-10-21 15:31:53, EXEC, v:1, k:poo@roupa, mode:FREE, size:33
2025-10-21 15:32:05, MOVE, v:1, k:poo@roupa, mode:BACK
2025-10-21 15:36:00, MOVE, v:1, k:poo@roupa, mode:PICK
2025-10-21 15:36:01, EXEC, v:1, k:poo@roupa, mode:FREE, size:33
2025-10-21 15:36:06, MOVE, v:1, k:poo@roupa, mode:BACK
2025-10-21 15:40:20, MOVE, v:1, k:poo@roupa, mode:PICK
2025-10-21 15:40:21, EXEC, v:1, k:poo@roupa, mode:FREE, size:51
2025-10-21 15:44:43, MOVE, v:1, k:poo@roupa, mode:BACK
2025-10-21 15:44:43, MOVE, v:1, k:poo@roupa, mode:PICK
2025-10-21 15:44:45, EXEC, v:1, k:poo@roupa, mode:FREE, size:45
2025-10-21 15:46:04, MOVE, v:1, k:poo@roupa, mode:BACK
2025-10-21 15:59:24, MOVE, v:1, k:poo@roupa, mode:PICK
2025-10-21 15:59:29, EXEC, v:1, k:poo@roupa, mode:FREE, size:34
2025-10-21 15:59:32, MOVE, v:1, k:poo@roupa, mode:BACK
2025-10-21 15:59:34, MOVE, v:1, k:poo@roupa, mode:PICK
2025-10-21 15:59:35, EXEC, v:1, k:poo@roupa, mode:FULL, rate:0
2025-10-21 15:59:36, MOVE, v:1, k:poo@roupa, mode:BACK
2025-10-21 15:59:37, MOVE, v:1, k:poo@roupa, mode:PICK
2025-10-21 16:00:15, EXEC, v:1, k:poo@roupa, mode:FREE, size:36
2025-10-21 16:00:49, MOVE, v:1, k:poo@roupa, mode:BACK
2025-10-21 16:00:50, MOVE, v:1, k:poo@roupa, mode:PICK
2025-10-21 16:00:51, EXEC, v:1, k:poo@roupa, mode:FULL, rate:0
2025-10-21 16:01:16, MOVE, v:1, k:poo@roupa, mode:BACK
2025-10-21 16:01:31, MOVE, v:1, k:poo@roupa, mode:PICK
2025-10-21 16:01:32, EXEC, v:1, k:poo@roupa, mode:FULL, rate:0
2025-10-21 16:01:33, MOVE, v:1, k:poo@roupa, mode:BACK
2025-10-21 16:01:34, MOVE, v:1, k:poo@roupa, mode:PICK
2025-10-21 16:01:35, EXEC, v:1, k:poo@roupa, mode:FULL, rate:0
2025-10-21 16:01:36, EXEC, v:1, k:poo@roupa, mode:FULL, rate:0
2025-10-21 16:04:13, EXEC, v:1, k:poo@roupa, mode:FULL, rate:0, size:45
2025-10-21 16:04:24, EXEC, v:1, k:poo@roupa, mode:FULL, rate:0, size:47
2025-10-21 16:05:05, EXEC, v:1, k:poo@roupa, mode:FULL, rate:0, size:48
2025-10-21 16:05:14, EXEC, v:1, k:poo@roupa, mode:FULL, rate:0, size:48
2025-10-21 16:05:25, EXEC, v:1, k:poo@roupa, mode:FULL, rate:0, size:48
2025-10-21 16:07:41, EXEC, v:1, k:poo@roupa, mode:FULL, rate:0, size:22
2025-10-21 16:07:53, EXEC, v:1, k:poo@roupa, mode:FULL, rate:0
2025-10-21 16:07:58, EXEC, v:1, k:poo@roupa, mode:FULL, rate:0, size:22
2025-10-21 16:08:04, EXEC, v:1, k:poo@roupa, mode:FULL, rate:0, size:22
2025-10-21 16:08:12, EXEC, v:1, k:poo@roupa, mode:FULL, rate:0, size:22
2025-10-21 16:10:24, EXEC, v:1, k:poo@roupa, mode:FULL, rate:0, size:36
2025-10-21 16:10:31, EXEC, v:1, k:poo@roupa, mode:FULL, rate:0
2025-10-21 16:15:56, EXEC, v:1, k:poo@roupa, mode:FULL, rate:0, size:36
2025-10-21 16:16:04, EXEC, v:1, k:poo@roupa, mode:FREE
2025-10-21 16:17:27, EXEC, v:1, k:poo@roupa, mode:FULL, rate:0, size:36
2025-10-21 16:22:36, EXEC, v:1, k:poo@roupa, mode:FULL, rate:0, size:37
2025-10-21 16:40:35, EXEC, v:1, k:poo@roupa, mode:FULL, rate:0, size:51
2025-10-21 16:41:09, EXEC, v:1, k:poo@roupa, mode:FULL, rate:0, size:53
2025-10-21 16:41:12, EXEC, v:1, k:poo@roupa, mode:FULL, rate:0
2025-10-21 16:41:21, EXEC, v:1, k:poo@roupa, mode:FULL, rate:0, size:55
2025-10-21 16:41:38, EXEC, v:1, k:poo@roupa, mode:FULL, rate:0, size:50
2025-10-21 16:41:59, EXEC, v:1, k:poo@roupa, mode:FULL, rate:0, size:51
2025-10-21 16:48:23, EXEC, v:1, k:poo@roupa, mode:FULL, rate:0, size:55
2025-10-21 16:55:06, EXEC, v:1, k:poo@roupa, mode:FULL, rate:0, size:59
2025-10-21 16:55:22, EXEC, v:1, k:poo@roupa, mode:FULL, rate:0, size:59
2025-10-21 16:55:31, EXEC, v:1, k:poo@roupa, mode:FULL, rate:0, size:59
2025-10-21 16:55:40, EXEC, v:1, k:poo@roupa, mode:FULL, rate:0, size:59
2025-10-21 16:56:05, EXEC, v:1, k:poo@roupa, mode:FULL, rate:0, size:60
2025-10-21 16:56:16, EXEC, v:1, k:poo@roupa, mode:FULL, rate:0, size:60
2025-10-21 16:56:44, EXEC, v:1, k:poo@roupa, mode:FULL, rate:0, size:69
2025-10-21 16:57:09, EXEC, v:1, k:poo@roupa, mode:FULL, rate:0, size:74
2025-10-21 16:57:35, EXEC, v:1, k:poo@roupa, mode:FULL, rate:0, size:85
2025-10-21 16:57:56, EXEC, v:1, k:poo@roupa, mode:FULL, rate:0, size:83
2025-10-21 16:58:24, EXEC, v:1, k:poo@roupa, mode:FULL, rate:100, size:86
2025-10-21 16:58:39, MOVE, v:1, k:poo@roupa, mode:BACK
2025-10-21 16:58:41, MOVE, v:1, k:poo@roupa, mode:PICK
2025-10-21 16:58:42, EXEC, v:1, k:poo@roupa, mode:FULL, rate:100
2025-10-21 16:58:43, MOVE, v:1, k:poo@roupa, mode:BACK
2025-10-21 16:58:47, MOVE, v:1, k:poo@roupa, mode:PICK
2025-10-21 16:58:48, EXEC, v:1, k:poo@roupa, mode:FREE
2025-10-21 16:58:53, MOVE, v:1, k:poo@roupa, mode:BACK
2025-10-21 16:58:55, MOVE, v:1, k:poo@roupa, mode:PICK
2025-10-21 16:58:55, MOVE, v:1, k:poo@roupa, mode:BACK
2025-10-21 16:59:50, SELF, v:1, k:poo@roupa, rate:100, iagen:Blackbox_IA_erros_bestas, alone:7
2025-10-21 17:01:17, SELF, v:1, k:poo@roupa, rate:100, iagen:Blackbox_IA, alone:8, study:150
