2025-10-25 15:17:01, MOVE, v:1, k:poo@relogio, mode:PICK
2025-10-25 15:17:20, EXEC, v:1, k:poo@relogio, mode:FULL, rate:0, size:60
2025-10-25 15:30:35, EXEC, v:1, k:poo@relogio, mode:FULL, rate:0, size:138
2025-10-25 15:33:50, MOVE, v:1, k:poo@relogio, mode:BACK
2025-10-25 15:33:53, MOVE, v:1, k:poo@relogio, mode:PICK
2025-10-25 15:33:57, EXEC, v:1, k:poo@relogio, mode:FULL, rate:0, size:51
2025-10-25 15:34:03, MOVE, v:1, k:poo@relogio, mode:BACK
2025-10-25 15:34:53, MOVE, v:1, k:poo@relogio, mode:PICK
2025-10-25 15:42:36, EXEC, v:1, k:poo@relogio, mode:FULL, rate:0, size:165
2025-10-25 15:43:17, EXEC, v:1, k:poo@relogio, mode:FULL, rate:0, size:152
2025-10-25 15:45:36, EXEC, v:1, k:poo@relogio, mode:FULL, rate:0, size:152
2025-10-25 15:45:47, EXEC, v:1, k:poo@relogio, mode:FULL, rate:0
2025-10-25 15:47:30, EXEC, v:1, k:poo@relogio, mode:FULL, rate:0, size:83
2025-10-25 15:51:18, EXEC, v:1, k:poo@relogio, mode:FULL, rate:0, size:85
2025-10-25 15:52:28, EXEC, v:1, k:poo@relogio, mode:FULL, rate:0, size:94
2025-10-25 15:53:21, EXEC, v:1, k:poo@relogio, mode:FULL, rate:0, size:152
2025-10-25 15:53:49, EXEC, v:1, k:poo@relogio, mode:FULL, rate:0, size:149
2025-10-25 15:53:58, MOVE, v:1, k:poo@relogio, mode:BACK
2025-10-25 15:54:00, MOVE, v:1, k:poo@relogio, mode:PICK
2025-10-25 15:54:04, EXEC, v:1, k:poo@relogio, mode:FULL, rate:0
2025-10-25 15:54:30, EXEC, v:1, k:poo@relogio, mode:FULL, rate:0, size:147
2025-10-25 15:54:44, EXEC, v:1, k:poo@relogio, mode:FULL, rate:0, size:145
2025-10-25 15:55:30, EXEC, v:1, k:poo@relogio, mode:FULL, rate:0, size:46
2025-10-25 15:55:33, EXEC, v:1, k:poo@relogio, mode:FULL, rate:0
2025-10-25 15:55:37, EXEC, v:1, k:poo@relogio, mode:FULL, rate:0
2025-10-25 15:57:45, EXEC, v:1, k:poo@relogio, mode:FULL, rate:0, size:152
2025-10-25 15:58:08, EXEC, v:1, k:poo@relogio, mode:FULL, rate:0, size:150
2025-10-25 15:58:41, EXEC, v:1, k:poo@relogio, mode:FULL, rate:0, size:151
2025-10-25 15:59:06, EXEC, v:1, k:poo@relogio, mode:FULL, rate:0, size:46
2025-10-25 15:59:28, EXEC, v:1, k:poo@relogio, mode:FULL, rate:0, size:48
2025-10-25 15:59:48, EXEC, v:1, k:poo@relogio, mode:FULL, rate:7, size:48
2025-10-25 16:00:13, EXEC, v:1, k:poo@relogio, mode:FULL, rate:0, size:151
2025-10-25 16:00:49, EXEC, v:1, k:poo@relogio, mode:FULL, rate:0
2025-10-25 16:01:20, EXEC, v:1, k:poo@relogio, mode:FULL, rate:0, size:150
2025-10-25 16:01:31, EXEC, v:1, k:poo@relogio, mode:FULL, rate:0, size:149
2025-10-25 16:01:46, EXEC, v:1, k:poo@relogio, mode:FULL, rate:0, size:148
2025-10-25 16:02:18, EXEC, v:1, k:poo@relogio, mode:FULL, rate:0, size:45
2025-10-25 16:03:47, EXEC, v:1, k:poo@relogio, mode:FULL, rate:0, size:48
2025-10-25 16:04:05, EXEC, v:1, k:poo@relogio, mode:FULL, rate:7, size:48
2025-10-25 16:05:31, EXEC, v:1, k:poo@relogio, mode:FULL, rate:0, size:53
2025-10-25 16:07:37, EXEC, v:1, k:poo@relogio, mode:FULL, rate:0, size:64
2025-10-25 16:08:05, EXEC, v:1, k:poo@relogio, mode:FULL, rate:7, size:48
2025-10-25 16:08:08, MOVE, v:1, k:poo@relogio, mode:BACK
2025-10-25 16:08:37, MOVE, v:1, k:poo@relogio, mode:PICK
2025-10-25 16:08:41, EXEC, v:1, k:poo@relogio, mode:FULL, rate:7, size:50
2025-10-25 16:09:28, EXEC, v:1, k:poo@relogio, mode:FULL, rate:0, size:59
2025-10-25 16:09:52, EXEC, v:1, k:poo@relogio, mode:FULL, rate:0, size:54
2025-10-25 16:23:20, EXEC, v:1, k:poo@relogio, mode:FULL, rate:0, size:177
2025-10-25 16:25:05, EXEC, v:1, k:poo@relogio, mode:FULL, rate:0, size:167
2025-10-25 16:25:19, EXEC, v:1, k:poo@relogio, mode:FULL, rate:0, size:177
2025-10-25 16:25:34, MOVE, v:1, k:poo@relogio, mode:BACK
2025-10-25 16:27:26, SELF, v:1, k:poo@relogio, human:Amigo, iagen:Blacbox_ia, guide:Video, study:120
2025-10-25 16:27:30, MOVE, v:1, k:poo@relogio, mode:PICK
2025-10-25 16:27:31, MOVE, v:1, k:poo@relogio, mode:BACK
2025-10-25 16:27:47, SELF, v:1, k:poo@relogio, human:Amigo, iagen:Blacbox_ia, guide:Video, alone:4, study:120
